Arguments: 
  /usr/local/bin/node /Users/juji/.yarn/bin/yarn.js publish

PATH: 
  /Users/juji/.yarn/bin:/usr/local/bin:/usr/bin:/bin:/usr/sbin:/sbin:/opt/X11/bin:/usr/local/go/bin:/Users/juji/Library/Android/sdk/tools:/Users/juji/Library/Android/sdk/platform-tools:/Users/juji/.composer/vendor/bin

Yarn version: 
  1.2.0

Node version: 
  8.5.0

Platform: 
  darwin x64

npm manifest: 
  {
    "name": "jhttp-client",
    "version": "1.2.10",
    "description": "node.js promise-based http client",
    "main": "index.js",
    "directories": {
      "test": "test"
    },
    "dependencies": {
      "chai": "^3.5.0",
      "cheerio": "^0.20.0",
      "cookie-manager": "0.0.16",
      "iconv-lite": "^0.4.13",
      "lzw-stream": "^1.0.0",
      "mime": "^1.3.4",
      "q": "^1.4.1",
      "q-io": "^1.13.2",
      "stream-que": "^1.0.2",
      "user-agent-string-generator": "0.0.2"
    },
    "devDependencies": {
      "body-parser": "^1.15.0",
      "compression-zlib": "^2.3.0",
      "express": "^4.13.4",
      "mocha": "^2.4.5",
      "multer": "^1.1.0"
    },
    "scripts": {
      "test": "mocha"
    },
    "author": "",
    "license": "ISC"
  }

yarn manifest: 
  No manifest

Lockfile: 
  No lockfile

Trace: 
  Error: https://registry.yarnpkg.com/jhttp-client: You cannot publish over the previously published version 1.2.10.
      at Request.params.callback [as _callback] (/Users/juji/.yarn/lib/cli.js:61949:18)
      at Request.self.callback (/Users/juji/.yarn/lib/cli.js:122920:22)
      at emitTwo (events.js:125:13)
      at Request.emit (events.js:213:7)
      at Request.<anonymous> (/Users/juji/.yarn/lib/cli.js:123903:10)
      at emitOne (events.js:115:13)
      at Request.emit (events.js:210:7)
      at Gunzip.<anonymous> (/Users/juji/.yarn/lib/cli.js:123823:12)
      at Object.onceWrapper (events.js:314:30)
      at emitNone (events.js:110:20)
